<?xml version="1.0" encoding="UTF-8"?>
<!-- Generated by org.testng.reporters.JUnitReportReporter -->
<testsuite skipped="0" hostname="CDC2-D-519QS77" name="Scenario2.Login" tests="1" failures="0" timestamp="15 Nov 2019 09:27:01 GMT" time="5.675" errors="0">
  <testcase name="Signin" time="5.675" classname="Scenario2.Login"/>
</testsuite> <!-- Scenario2.Login -->
