<?xml version="1.0" encoding="UTF-8"?>
<!-- Generated by org.testng.reporters.JUnitReportReporter -->
<testsuite skipped="0" hostname="CDC2-D-519QS77" name="Scenario3.AddToCart" tests="1" failures="0" timestamp="18 Nov 2019 04:43:20 GMT" time="2.180" errors="0">
  <testcase name="productcart" time="2.180" classname="Scenario3.AddToCart"/>
</testsuite> <!-- Scenario3.AddToCart -->
