<?xml version="1.0" encoding="UTF-8"?>
<!-- Generated by org.testng.reporters.JUnitReportReporter -->
<testsuite skipped="0" hostname="CDC2-D-519QS77" name="Scenario4.Payment" tests="2" failures="0" timestamp="18 Nov 2019 06:21:42 GMT" time="9.507" errors="0">
  <testcase name="productcart" time="2.867" classname="Scenario4.Payment"/>
  <testcase name="payment" time="6.640" classname="Scenario4.Payment"/>
</testsuite> <!-- Scenario4.Payment -->
